
> pokemon-chat@0.1.0 build
> next build

 ⚠ Warning: Next.js inferred your workspace root, but it may not be correct.
 We detected multiple lockfiles and selected the directory of /home/carlos/bun.lockb as the root directory.
 To silence this warning, set `outputFileTracingRoot` in your Next.js config, or consider removing one of the lockfiles if it's not needed.
   See https://nextjs.org/docs/app/api-reference/config/next-config-js/output#caveats for more information.
 Detected additional lockfiles: 
   * /home/carlos/pokemon-chat/package-lock.json

   ▲ Next.js 15.5.4
   - Environments: .env.local

   Creating an optimized production build ...
<w> [webpack.cache.PackFileCacheStrategy] Serializing big strings (175kiB) impacts deserialization performance (consider using Buffer instead and decode when needed)
 ✓ Compiled successfully in 37.2s
   Linting and checking validity of types ...
   Collecting page data ...
   Generating static pages (0/7) ...
   Generating static pages (1/7) 
   Generating static pages (3/7) 
   Generating static pages (5/7) 
 ✓ Generating static pages (7/7)
   Finalizing page optimization ...
   Collecting build traces ...

Route (app)                                 Size  First Load JS
┌ ƒ /                                     213 kB         350 kB
├ ƒ /_not-found                            992 B         103 kB
├ ƒ /api/assistant-chat                    130 B         102 kB
├ ƒ /privacy                               130 B         102 kB
└ ƒ /terms                                 130 B         102 kB
+ First Load JS shared by all             102 kB
  ├ chunks/255-a8bd241cb7415c76.js       45.7 kB
  ├ chunks/4bd1b696-c023c6e3521b1417.js  54.2 kB
  └ other shared chunks (total)          1.99 kB


ƒ Middleware                             80.6 kB

ƒ  (Dynamic)  server-rendered on demand

